  [1m[35m (3.2ms)[0m  [1m[34mSELECT sqlite_version(*)[0m
  [1m[35m (1.1ms)[0m  [1m[35mCREATE TABLE "schema_migrations" ("version" varchar NOT NULL PRIMARY KEY)[0m
  [1m[35m (0.9ms)[0m  [1m[35mCREATE TABLE "ar_internal_metadata" ("key" varchar NOT NULL PRIMARY KEY, "value" varchar, "created_at" datetime(6) NOT NULL, "updated_at" datetime(6) NOT NULL)[0m
  [1m[35m (0.1ms)[0m  [1m[34mSELECT "schema_migrations"."version" FROM "schema_migrations" ORDER BY "schema_migrations"."version" ASC[0m
Migrating to CreateCamps (20201221054743)
  [1m[36mTRANSACTION (0.1ms)[0m  [1m[36mbegin transaction[0m
  [1m[35m (0.4ms)[0m  [1m[35mCREATE TABLE "camps" ("id" integer PRIMARY KEY AUTOINCREMENT NOT NULL, "img_src" varchar, "name" varchar, "description" text, "website" varchar, "borough" varchar, "zip" integer, "phone" varchar, "street_address" varchar, "created_at" datetime(6) NOT NULL, "updated_at" datetime(6) NOT NULL)[0m
  [1m[36mActiveRecord::SchemaMigration Create (0.2ms)[0m  [1m[32mINSERT INTO "schema_migrations" ("version") VALUES (?)[0m  [["version", "20201221054743"]]
  [1m[36mTRANSACTION (0.9ms)[0m  [1m[36mcommit transaction[0m
Migrating to CreateReviews (20201221055314)
  [1m[36mTRANSACTION (0.1ms)[0m  [1m[36mbegin transaction[0m
  [1m[35m (0.6ms)[0m  [1m[35mCREATE TABLE "reviews" ("id" integer PRIMARY KEY AUTOINCREMENT NOT NULL, "approve" boolean, "comment" text, "name" varchar, "camp_id" integer, "created_at" datetime(6) NOT NULL, "updated_at" datetime(6) NOT NULL)[0m
  [1m[36mActiveRecord::SchemaMigration Create (0.4ms)[0m  [1m[32mINSERT INTO "schema_migrations" ("version") VALUES (?)[0m  [["version", "20201221055314"]]
  [1m[36mTRANSACTION (0.8ms)[0m  [1m[36mcommit transaction[0m
  [1m[36mActiveRecord::InternalMetadata Load (0.2ms)[0m  [1m[34mSELECT "ar_internal_metadata".* FROM "ar_internal_metadata" WHERE "ar_internal_metadata"."key" = ? LIMIT ?[0m  [["key", "environment"], ["LIMIT", 1]]
  [1m[36mTRANSACTION (0.1ms)[0m  [1m[36mbegin transaction[0m
  [1m[36mActiveRecord::InternalMetadata Create (0.7ms)[0m  [1m[32mINSERT INTO "ar_internal_metadata" ("key", "value", "created_at", "updated_at") VALUES (?, ?, ?, ?)[0m  [["key", "environment"], ["value", "development"], ["created_at", "2020-12-21 06:18:52.346597"], ["updated_at", "2020-12-21 06:18:52.346597"]]
  [1m[36mTRANSACTION (0.8ms)[0m  [1m[36mcommit transaction[0m
  [1m[35m (0.3ms)[0m  [1m[34mSELECT sqlite_version(*)[0m
  [1m[35m (0.5ms)[0m  [1m[34mSELECT "schema_migrations"."version" FROM "schema_migrations" ORDER BY "schema_migrations"."version" ASC[0m
  [1m[35m (0.6ms)[0m  [1m[34mSELECT sqlite_version(*)[0m
  [1m[35m (0.1ms)[0m  [1m[34mSELECT "schema_migrations"."version" FROM "schema_migrations" ORDER BY "schema_migrations"."version" ASC[0m
  [1m[35m (0.1ms)[0m  [1m[34mSELECT sqlite_version(*)[0m
  [1m[36mCamp Load (0.3ms)[0m  [1m[34mSELECT "camps".* FROM "camps"[0m
  [1m[36mReview Load (0.3ms)[0m  [1m[34mSELECT "reviews".* FROM "reviews"[0m
  [1m[36mTRANSACTION (0.0ms)[0m  [1m[36mbegin transaction[0m
  [1m[36mCamp Create (0.8ms)[0m  [1m[32mINSERT INTO "camps" ("img_src", "name", "description", "website", "borough", "zip", "phone", "street_address", "created_at", "updated_at") VALUES (?, ?, ?, ?, ?, ?, ?, ?, ?, ?)[0m  [["img_src", "https://43rdstreetkidspreschool.org/wp-content/uploads/2019/01/wv-logo.png"], ["name", "43rd Street Kids Summer Camp"], ["description", "Activities include swim lessons, art, music, story-telling, gardening, cooking, games, sand and water play, science experiments, creative dance, and more."], ["website", "https://43rdstreetkidspreschool.org/summer-program-overview-top/"], ["borough", "Manhattan"], ["zip", 10036], ["phone", "212-564-7496"], ["street_address", "484 West 43rd Street"], ["created_at", "2020-12-21 06:19:00.664808"], ["updated_at", "2020-12-21 06:19:00.664808"]]
  [1m[36mTRANSACTION (0.8ms)[0m  [1m[36mcommit transaction[0m
  [1m[36mTRANSACTION (0.0ms)[0m  [1m[36mbegin transaction[0m
  [1m[36mCamp Create (0.3ms)[0m  [1m[32mINSERT INTO "camps" ("img_src", "name", "description", "website", "borough", "zip", "phone", "street_address", "created_at", "updated_at") VALUES (?, ?, ?, ?, ?, ?, ?, ?, ?, ?)[0m  [["img_src", "https://m90rg37hwkv1e9kiuem8fpq8-wpengine.netdna-ssl.com/wp-content/uploads/2019/01/Advantage_Day_Camp_Logo2_2018.png"], ["name", "Advantage Day Camp at Manhattan Plaza Racquet Club"], ["description", "At Advantage Day Camp, the activity never stops as kids ages 4 to 14 go swimming; play tennis, gym, and field sports; and more. "], ["website", "https://advantagecamps.net/"], ["borough", "Manhattan"], ["zip", 10036], ["phone", "646-884-9648"], ["street_address", "450 West 43rd Street"], ["created_at", "2020-12-21 06:19:00.668989"], ["updated_at", "2020-12-21 06:19:00.668989"]]
  [1m[36mTRANSACTION (0.8ms)[0m  [1m[36mcommit transaction[0m
  [1m[36mTRANSACTION (0.0ms)[0m  [1m[36mbegin transaction[0m
  [1m[36mCamp Create (0.3ms)[0m  [1m[32mINSERT INTO "camps" ("img_src", "name", "description", "website", "borough", "zip", "phone", "street_address", "created_at", "updated_at") VALUES (?, ?, ?, ?, ?, ?, ?, ?, ?, ?)[0m  [["img_src", "https://scontent-lga3-1.xx.fbcdn.net/v/t1.0-9/65816784_2241208975915120_1537035062841704448_o.jpg?_nc_cat=111&ccb=2&_nc_sid=a26aad&_nc_ohc=j1OhXcQ818UAX-oHORL&_nc_ht=scontent-lga3-1.xx&oh=eb669db27d3468a13ffb46fce8e9c7cb&oe=5FF4253E"], ["name", "Campus Day Camp"], ["description", "Campus Day Camp's facility is conveniently located at Brooklyn College. The philosophy is to create a safe, fun, and enriching environment in which all children can develop and thrive."], ["website", "https://campusdaycamp.com/"], ["borough", "Brooklyn"], ["zip", 11210], ["phone", "718-421-7575"], ["street_address", "2901 Campus Road"], ["created_at", "2020-12-21 06:19:00.672074"], ["updated_at", "2020-12-21 06:19:00.672074"]]
  [1m[36mTRANSACTION (0.6ms)[0m  [1m[36mcommit transaction[0m
  [1m[36mTRANSACTION (0.0ms)[0m  [1m[36mbegin transaction[0m
  [1m[36mCamp Create (0.2ms)[0m  [1m[32mINSERT INTO "camps" ("img_src", "name", "description", "website", "borough", "zip", "phone", "street_address", "created_at", "updated_at") VALUES (?, ?, ?, ?, ?, ?, ?, ?, ?, ?)[0m  [["img_src", "https://www.nyjtl.org/wp-content/uploads/camp.jpg"], ["name", "Cary Leeds Center for Tennis & Learning"], ["description", "The Cary Leeds Center is the flagship home of New York Junior Tennis & Learning. NYJTL's mission is to develop the character of young people through tennis and education for a lifetime of success on and off the court."], ["website", "https://www.nyjtl.org/caryleeds/programs/camps/"], ["borough", "Bronx"], ["zip", 10457], ["phone", "718-247-7420"], ["street_address", "1720 Crotona Avenue"], ["created_at", "2020-12-21 06:19:00.674912"], ["updated_at", "2020-12-21 06:19:00.674912"]]
  [1m[36mTRANSACTION (0.5ms)[0m  [1m[36mcommit transaction[0m
  [1m[36mTRANSACTION (0.1ms)[0m  [1m[36mbegin transaction[0m
  [1m[36mCamp Create (0.3ms)[0m  [1m[32mINSERT INTO "camps" ("img_src", "name", "description", "website", "borough", "zip", "phone", "street_address", "created_at", "updated_at") VALUES (?, ?, ?, ?, ?, ?, ?, ?, ?, ?)[0m  [["img_src", "https://www.millbasindaycamp.com/wp-content/uploads/2018/02/mill-basin-logo.png"], ["name", "Mill Basin Day Camp"], ["description", "All activities take place in Mill Basin Day Camp's fully air-conditioned modern facility, which includes one of the largest outdoor pools in Brooklyn—complete with 4 slides."], ["website", "https://millbasindaycamp.com"], ["borough", "Brooklyn"], ["zip", 11234], ["phone", "718-251-6200"], ["street_address", "5945 Strickland Ave"], ["created_at", "2020-12-21 06:19:00.677365"], ["updated_at", "2020-12-21 06:19:00.677365"]]
  [1m[36mTRANSACTION (0.6ms)[0m  [1m[36mcommit transaction[0m
  [1m[36mTRANSACTION (0.0ms)[0m  [1m[36mbegin transaction[0m
  [1m[36mCamp Create (0.3ms)[0m  [1m[32mINSERT INTO "camps" ("img_src", "name", "description", "website", "borough", "zip", "phone", "street_address", "created_at", "updated_at") VALUES (?, ?, ?, ?, ?, ?, ?, ?, ?, ?)[0m  [["img_src", "https://www.mmcc.org/wp-content/uploads/2020/07/Wayne-Brown-logo-stacked-orange-300x166.png"], ["name", "Mosholu Day Camp"], ["description", "Sitting on beautiful Lake Cohasset at Harriman State Park, Mosholu Day Camp offers children a place to develop, experience, and enjoy nature while taking part in unforgettable summer activities like swimming, boating, sports, music, arts, and everything else you’d expect from an awesome summer day camp."], ["website", "https://www.mmcc.org/camp/"], ["borough", "Bronx"], ["zip", 10467], ["phone", "718-882-4000"], ["street_address", "3450 Dekalb Ave"], ["created_at", "2020-12-21 06:19:00.681242"], ["updated_at", "2020-12-21 06:19:00.681242"]]
  [1m[36mTRANSACTION (0.8ms)[0m  [1m[36mcommit transaction[0m
  [1m[36mTRANSACTION (0.0ms)[0m  [1m[36mbegin transaction[0m
  [1m[36mCamp Create (0.3ms)[0m  [1m[32mINSERT INTO "camps" ("img_src", "name", "description", "website", "borough", "zip", "phone", "street_address", "created_at", "updated_at") VALUES (?, ?, ?, ?, ?, ?, ?, ?, ?, ?)[0m  [["img_src", "http://www.lehman.edu/academics/continuing-education/img/summer-camp.jpg"], ["name", "Summer Camp at Lehman College"], ["description", "Academic activities include English language arts (ELA) and math lessons from certified teachers. Recreational activities include learn-to-swim classes in an Olympic-size pool as well as basketball, martial arts, dance, and much, much more."], ["website", "http://www.lehman.edu/academics/continuing-education/summer-camp.php"], ["borough", "Bronx"], ["zip", 10468], ["phone", "718-960-8512"], ["street_address", "250 Bedford Park Blvd."], ["created_at", "2020-12-21 06:19:00.684173"], ["updated_at", "2020-12-21 06:19:00.684173"]]
  [1m[36mTRANSACTION (0.5ms)[0m  [1m[36mcommit transaction[0m
  [1m[36mTRANSACTION (0.0ms)[0m  [1m[36mbegin transaction[0m
  [1m[36mCamp Create (0.3ms)[0m  [1m[32mINSERT INTO "camps" ("img_src", "name", "description", "website", "borough", "zip", "phone", "street_address", "created_at", "updated_at") VALUES (?, ?, ?, ?, ?, ?, ?, ?, ?, ?)[0m  [["img_src", "https://www.manhattanfencing.com/wp-content/uploads/2014/02/MFC-logo-for-web-011-300x91.png"], ["name", "Manhattan Fencing Center"], ["description", "Located in NYC’s Olympic fencing facility, camp is ideal for beginner and intermediate fencers. Fencing groups are separated by age and experience. Activities include fencing games, footwork, drills, and open bouting."], ["website", "https://manhattanfencing.com"], ["borough", "Manhattan"], ["zip", 10018], ["phone", "212-328-2255"], ["street_address", "15W 37th Street "], ["created_at", "2020-12-21 06:19:00.686912"], ["updated_at", "2020-12-21 06:19:00.686912"]]
  [1m[36mTRANSACTION (1.2ms)[0m  [1m[36mcommit transaction[0m
  [1m[36mTRANSACTION (0.0ms)[0m  [1m[36mbegin transaction[0m
  [1m[36mCamp Create (0.3ms)[0m  [1m[32mINSERT INTO "camps" ("img_src", "name", "description", "website", "borough", "zip", "phone", "street_address", "created_at", "updated_at") VALUES (?, ?, ?, ?, ?, ?, ?, ?, ?, ?)[0m  [["img_src", "https://cdn.schoolofrock.com/bd20ef60d0cfbcaafb51ddf6409633028604481d/assets/img/asset.black-logo@2x.png"], ["name", "School of Rock - Queens"], ["description", "Send your kid to the ultimate summer music experience at School of Rock Queens. Summer music camps are the perfect way to spend your summer break, where students learn to play songs through live performances like real musicians."], ["website", "https://locations.schoolofrock.com/queens/music-camps"], ["borough", "Queens"], ["zip", 11358], ["phone", "929-999-7625"], ["street_address", "34-43 Francis Lewis Blvd"], ["created_at", "2020-12-21 06:19:00.690367"], ["updated_at", "2020-12-21 06:19:00.690367"]]
  [1m[36mTRANSACTION (0.7ms)[0m  [1m[36mcommit transaction[0m
  [1m[36mTRANSACTION (0.0ms)[0m  [1m[36mbegin transaction[0m
  [1m[36mCamp Create (0.3ms)[0m  [1m[32mINSERT INTO "camps" ("img_src", "name", "description", "website", "borough", "zip", "phone", "street_address", "created_at", "updated_at") VALUES (?, ?, ?, ?, ?, ?, ?, ?, ?, ?)[0m  [["img_src", "https://mlnnvpgh2cg7.i.optimole.com/lnJtnaM.nhPM~2fd10/w:230/h:auto/q:auto/https://www.lavnercampsandprograms.com/wp-content/uploads/Logo-Angled.png"], ["name", "Lavner Camps NYC"], ["description", "Summer camps include Minecraft, Coding, Robotics, Alexa Skills, 3-D Printing, Game Design, Roblox, AI, Spy Tech, Engineering, Custom Converse/Vans Sneakers, Digital Music, YouTube Video Production, and so much more."], ["website", "https://lavnercampsandprograms.com"], ["borough", "Manhattan"], ["zip", 10012], ["phone", "646-308-1555"], ["street_address", "60 Washington Square South"], ["created_at", "2020-12-21 06:19:00.693128"], ["updated_at", "2020-12-21 06:19:00.693128"]]
  [1m[36mTRANSACTION (0.5ms)[0m  [1m[36mcommit transaction[0m
